0 info it worked if it ends with ok
1 verbose cli [ '/Users/qtran/.nvm/versions/node/v6.7.0/bin/node',
1 verbose cli   '/Users/qtran/.nvm/versions/node/v6.7.0/bin/npm',
1 verbose cli   'run',
1 verbose cli   'compile' ]
2 info using npm@3.10.3
3 info using node@v6.7.0
4 verbose run-script [ 'precompile', 'compile', 'postcompile' ]
5 info lifecycle apollo-codegen@0.17.0~precompile: apollo-codegen@0.17.0
6 silly lifecycle apollo-codegen@0.17.0~precompile: no script for precompile, continuing
7 info lifecycle apollo-codegen@0.17.0~compile: apollo-codegen@0.17.0
8 verbose lifecycle apollo-codegen@0.17.0~compile: unsafe-perm in lifecycle true
9 verbose lifecycle apollo-codegen@0.17.0~compile: PATH: /Users/qtran/.nvm/versions/node/v6.7.0/lib/node_modules/npm/bin/node-gyp-bin:/Users/qtran/Desktop/apollo-codegen/node_modules/.bin:/Users/qtran/.nvm/versions/node/v6.7.0/bin:/Users/qtran/Desktop/apollo-codegen/node_modules/.bin:/Users/qtran/.config/yarn/link/node_modules/.bin:/Users/qtran/Desktop/apollo-codegen/node_modules/.bin:/Users/qtran/.config/yarn/link/node_modules/.bin:/Users/qtran/.yarn/bin:/Users/qtran/.nvm/versions/node/v6.7.0/lib/node_modules/npm/bin/node-gyp-bin:/Users/qtran/.nvm/versions/node/v6.7.0/bin/node_modules/npm/bin/node-gyp-bin:/Users/qtran/base/phacility/arcanist/bin:/Users/qtran/.nvm/versions/node/v6.7.0/bin:/usr/local/bin:/usr/bin:/bin:/usr/sbin:/sbin
10 verbose lifecycle apollo-codegen@0.17.0~compile: CWD: /Users/qtran/Desktop/apollo-codegen
11 silly lifecycle apollo-codegen@0.17.0~compile: Args: [ '-c', 'tsc' ]
12 silly lifecycle apollo-codegen@0.17.0~compile: Returned: code: 2  signal: null
13 info lifecycle apollo-codegen@0.17.0~compile: Failed to exec compile script
14 verbose stack Error: apollo-codegen@0.17.0 compile: `tsc`
14 verbose stack Exit status 2
14 verbose stack     at EventEmitter.<anonymous> (/Users/qtran/.nvm/versions/node/v6.7.0/lib/node_modules/npm/lib/utils/lifecycle.js:242:16)
14 verbose stack     at emitTwo (events.js:106:13)
14 verbose stack     at EventEmitter.emit (events.js:191:7)
14 verbose stack     at ChildProcess.<anonymous> (/Users/qtran/.nvm/versions/node/v6.7.0/lib/node_modules/npm/lib/utils/spawn.js:40:14)
14 verbose stack     at emitTwo (events.js:106:13)
14 verbose stack     at ChildProcess.emit (events.js:191:7)
14 verbose stack     at maybeClose (internal/child_process.js:877:16)
14 verbose stack     at Process.ChildProcess._handle.onexit (internal/child_process.js:226:5)
15 verbose pkgid apollo-codegen@0.17.0
16 verbose cwd /Users/qtran/Desktop/apollo-codegen
17 error Darwin 16.1.0
18 error argv "/Users/qtran/.nvm/versions/node/v6.7.0/bin/node" "/Users/qtran/.nvm/versions/node/v6.7.0/bin/npm" "run" "compile"
19 error node v6.7.0
20 error npm  v3.10.3
21 error code ELIFECYCLE
22 error apollo-codegen@0.17.0 compile: `tsc`
22 error Exit status 2
23 error Failed at the apollo-codegen@0.17.0 compile script 'tsc'.
23 error Make sure you have the latest version of node.js and npm installed.
23 error If you do, this is most likely a problem with the apollo-codegen package,
23 error not with npm itself.
23 error Tell the author that this fails on your system:
23 error     tsc
23 error You can get information on how to open an issue for this project with:
23 error     npm bugs apollo-codegen
23 error Or if that isn't available, you can get their info via:
23 error     npm owner ls apollo-codegen
23 error There is likely additional logging output above.
24 verbose exit [ 1, true ]
